./dist/assets/
./dist/assets/NEXON Lv2 Gothic Medium-D-E3fcVL.ttf
./dist/assets/NEXON Lv2 Gothic Bold-BF5Hpskt.ttf
./dist/assets/chab-BxfOLVEx.ttf
./dist/assets/NEXON Lv2 Gothic-C6G711Id.ttf
./dist/assets/index-D8pndgh4.js
./dist/assets/NEXON Lv2 Gothic Light-8Ii6jzsK.ttf
./dist/assets/index-BxDnivhr.css
./dist/img/
./dist/img/camera-img.png
./dist/img/back-btn.png
./dist/img/extra.png
./dist/img/menu-btn.png
./dist/img/extra-product-img.png
./dist/img/home-btn.png
./dist/img/Color_Palette.jpeg
./dist/img/message-btn.png
./dist/img/search-btn.png
./dist/img/notification-btn.png
./dist/img/mypage-btn.png
./dist/img/platinum.png
./dist/img/add_pic_btn.png
./dist/img/extra-banner-img.png
./dist/img/regist-btn.png
./dist/img/x-btn.png
./dist/img/buy-btn.png
./dist/img/combine-btn.png
./dist/img/logo-btn.png
./dist/img/favicon-btn.png
./dist/img/sell-btn.png
./dist/index.html
./dist/vite.svg
./dist/assets/
./dist/assets/NEXON Lv2 Gothic Medium-D-E3fcVL.ttf
./dist/assets/NEXON Lv2 Gothic Bold-BF5Hpskt.ttf
./dist/assets/chab-BxfOLVEx.ttf
./dist/assets/index-CCDh8C-N.js
./dist/assets/NEXON Lv2 Gothic-C6G711Id.ttf
./dist/assets/NEXON Lv2 Gothic Light-8Ii6jzsK.ttf
./dist/assets/index-BxDnivhr.css
./dist/img/
./dist/img/camera-img.png
./dist/img/back-btn.png
./dist/img/extra.png
./dist/img/menu-btn.png
./dist/img/extra-product-img.png
./dist/img/home-btn.png
./dist/img/Color_Palette.jpeg
./dist/img/message-btn.png
./dist/img/search-btn.png
./dist/img/notification-btn.png
./dist/img/mypage-btn.png
./dist/img/platinum.png
./dist/img/add_pic_btn.png
./dist/img/extra-banner-img.png
./dist/img/regist-btn.png
./dist/img/x-btn.png
./dist/img/buy-btn.png
./dist/img/combine-btn.png
./dist/img/logo-btn.png
./dist/img/favicon-btn.png
./dist/img/sell-btn.png
./dist/index.html
./dist/vite.svg
./dist/assets/
./dist/assets/NEXON Lv2 Gothic Medium-D-E3fcVL.ttf
./dist/assets/NEXON Lv2 Gothic Bold-BF5Hpskt.ttf
./dist/assets/chab-BxfOLVEx.ttf
./dist/assets/case-img-DKHVEVBO.png
./dist/assets/index-Cga0lDRY.js
./dist/assets/index-BUYlmE1o.css
./dist/assets/left-img-CO-dEC3f.png
./dist/assets/NEXON Lv2 Gothic-C6G711Id.ttf
./dist/assets/right-img-BvJXQQlp.png
./dist/assets/NEXON Lv2 Gothic Light-8Ii6jzsK.ttf
./dist/favicon-btn.png
./dist/img/
./dist/img/camera-img.png
./dist/img/parts-btn.png
./dist/img/part-btn.png
./dist/img/back-btn.png
./dist/img/extra.png
./dist/img/menu-btn.png
./dist/img/extra-product-img.png
./dist/img/home-btn.png
./dist/img/Color_Palette.jpeg
./dist/img/message-btn.png
./dist/img/search-btn.png
./dist/img/notification-btn.png
./dist/img/mypage-btn.png
./dist/img/platinum.png
./dist/img/add_pic_btn.png
./dist/img/extra-banner-img.png
./dist/img/regist-btn.png
./dist/img/x-btn.png
./dist/img/buy-btn.png
./dist/img/combine-btn.png
./dist/img/logo-btn.png
./dist/img/favicon-btn.png
./dist/img/sell-btn.png
./dist/index.html
./dist/vite.svg
./dist/assets/
./dist/assets/NEXON Lv2 Gothic Medium-D-E3fcVL.ttf
./dist/assets/NEXON Lv2 Gothic Bold-BF5Hpskt.ttf
./dist/assets/chab-BxfOLVEx.ttf
./dist/assets/case-img-DKHVEVBO.png
./dist/assets/index-Cga0lDRY.js
./dist/assets/index-BUYlmE1o.css
./dist/assets/left-img-CO-dEC3f.png
./dist/assets/NEXON Lv2 Gothic-C6G711Id.ttf
./dist/assets/right-img-BvJXQQlp.png
./dist/assets/NEXON Lv2 Gothic Light-8Ii6jzsK.ttf
./dist/favicon-btn.png
./dist/img/
./dist/img/camera-img.png
./dist/img/parts-btn.png
./dist/img/part-btn.png
./dist/img/back-btn.png
./dist/img/extra.png
./dist/img/menu-btn.png
./dist/img/extra-product-img.png
./dist/img/home-btn.png
./dist/img/Color_Palette.jpeg
./dist/img/message-btn.png
./dist/img/search-btn.png
./dist/img/notification-btn.png
./dist/img/mypage-btn.png
./dist/img/platinum.png
./dist/img/add_pic_btn.png
./dist/img/extra-banner-img.png
./dist/img/regist-btn.png
./dist/img/x-btn.png
./dist/img/buy-btn.png
./dist/img/combine-btn.png
./dist/img/logo-btn.png
./dist/img/favicon-btn.png
./dist/img/sell-btn.png
./dist/index.html
./dist/vite.svg
./dist/assets/
./dist/assets/NEXON Lv2 Gothic Medium-D-E3fcVL.ttf
./dist/assets/NEXON Lv2 Gothic Bold-BF5Hpskt.ttf
./dist/assets/chab-BxfOLVEx.ttf
./dist/assets/case-img-DKHVEVBO.png
./dist/assets/index-BUYlmE1o.css
./dist/assets/left-img-CO-dEC3f.png
./dist/assets/NEXON Lv2 Gothic-C6G711Id.ttf
./dist/assets/right-img-BvJXQQlp.png
./dist/assets/index-CToQGnn_.js
./dist/assets/NEXON Lv2 Gothic Light-8Ii6jzsK.ttf
./dist/favicon-btn.png
./dist/img/
./dist/img/camera-img.png
./dist/img/parts-btn.png
./dist/img/part-btn.png
./dist/img/back-btn.png
./dist/img/extra.png
./dist/img/menu-btn.png
./dist/img/extra-product-img.png
./dist/img/home-btn.png
./dist/img/Color_Palette.jpeg
./dist/img/message-btn.png
./dist/img/search-btn.png
./dist/img/notification-btn.png
./dist/img/mypage-btn.png
./dist/img/platinum.png
./dist/img/add_pic_btn.png
./dist/img/extra-banner-img.png
./dist/img/regist-btn.png
./dist/img/x-btn.png
./dist/img/buy-btn.png
./dist/img/combine-btn.png
./dist/img/logo-btn.png
./dist/img/favicon-btn.png
./dist/img/sell-btn.png
./dist/index.html
./dist/vite.svg
./dist/assets/
./dist/assets/NEXON Lv2 Gothic Medium-D-E3fcVL.ttf
./dist/assets/NEXON Lv2 Gothic Bold-BF5Hpskt.ttf
./dist/assets/chab-BxfOLVEx.ttf
./dist/assets/case-img-DKHVEVBO.png
./dist/assets/index-BUYlmE1o.css
./dist/assets/left-img-CO-dEC3f.png
./dist/assets/NEXON Lv2 Gothic-C6G711Id.ttf
./dist/assets/right-img-BvJXQQlp.png
./dist/assets/index-CToQGnn_.js
./dist/assets/NEXON Lv2 Gothic Light-8Ii6jzsK.ttf
./dist/favicon-btn.png
./dist/img/
./dist/img/camera-img.png
./dist/img/parts-btn.png
./dist/img/part-btn.png
./dist/img/back-btn.png
./dist/img/extra.png
./dist/img/menu-btn.png
./dist/img/extra-product-img.png
./dist/img/home-btn.png
./dist/img/Color_Palette.jpeg
./dist/img/message-btn.png
./dist/img/search-btn.png
./dist/img/notification-btn.png
./dist/img/mypage-btn.png
./dist/img/platinum.png
./dist/img/add_pic_btn.png
./dist/img/extra-banner-img.png
./dist/img/regist-btn.png
./dist/img/x-btn.png
./dist/img/buy-btn.png
./dist/img/combine-btn.png
./dist/img/logo-btn.png
./dist/img/favicon-btn.png
./dist/img/sell-btn.png
./dist/index.html
./dist/vite.svg
./dist/assets/
./dist/assets/NEXON Lv2 Gothic Medium-D-E3fcVL.ttf
./dist/assets/NEXON Lv2 Gothic Bold-BF5Hpskt.ttf
./dist/assets/chab-BxfOLVEx.ttf
./dist/assets/case-img-DKHVEVBO.png
./dist/assets/index-BUYlmE1o.css
./dist/assets/left-img-CO-dEC3f.png
./dist/assets/NEXON Lv2 Gothic-C6G711Id.ttf
./dist/assets/right-img-BvJXQQlp.png
./dist/assets/index-CToQGnn_.js
./dist/assets/NEXON Lv2 Gothic Light-8Ii6jzsK.ttf
./dist/favicon-btn.png
./dist/img/
./dist/img/camera-img.png
./dist/img/parts-btn.png
./dist/img/part-btn.png
./dist/img/back-btn.png
./dist/img/extra.png
./dist/img/menu-btn.png
./dist/img/extra-product-img.png
./dist/img/home-btn.png
./dist/img/Color_Palette.jpeg
./dist/img/message-btn.png
./dist/img/search-btn.png
./dist/img/notification-btn.png
./dist/img/mypage-btn.png
./dist/img/platinum.png
./dist/img/add_pic_btn.png
./dist/img/extra-banner-img.png
./dist/img/regist-btn.png
./dist/img/x-btn.png
./dist/img/buy-btn.png
./dist/img/combine-btn.png
./dist/img/logo-btn.png
./dist/img/favicon-btn.png
./dist/img/sell-btn.png
./dist/index.html
./dist/vite.svg
./dist/assets/
./dist/assets/NEXON Lv2 Gothic Medium-D-E3fcVL.ttf
./dist/assets/NEXON Lv2 Gothic Bold-BF5Hpskt.ttf
./dist/assets/chab-BxfOLVEx.ttf
./dist/assets/case-img-DKHVEVBO.png
./dist/assets/index-BUYlmE1o.css
./dist/assets/left-img-CO-dEC3f.png
./dist/assets/NEXON Lv2 Gothic-C6G711Id.ttf
./dist/assets/right-img-BvJXQQlp.png
./dist/assets/index-CToQGnn_.js
./dist/assets/NEXON Lv2 Gothic Light-8Ii6jzsK.ttf
./dist/favicon-btn.png
./dist/img/
./dist/img/camera-img.png
./dist/img/parts-btn.png
./dist/img/part-btn.png
./dist/img/back-btn.png
./dist/img/extra.png
./dist/img/menu-btn.png
./dist/img/extra-product-img.png
./dist/img/home-btn.png
./dist/img/Color_Palette.jpeg
./dist/img/message-btn.png
./dist/img/search-btn.png
./dist/img/notification-btn.png
./dist/img/mypage-btn.png
./dist/img/platinum.png
./dist/img/add_pic_btn.png
./dist/img/extra-banner-img.png
./dist/img/regist-btn.png
./dist/img/x-btn.png
./dist/img/buy-btn.png
./dist/img/combine-btn.png
./dist/img/logo-btn.png
./dist/img/favicon-btn.png
./dist/img/sell-btn.png
./dist/index.html
./dist/vite.svg
./dist/assets/
./dist/assets/NEXON Lv2 Gothic Medium-D-E3fcVL.ttf
./dist/assets/NEXON Lv2 Gothic Bold-BF5Hpskt.ttf
./dist/assets/right-real2-DA08d8s6.png
./dist/assets/index-B03S2XjY.css
./dist/assets/chab-BxfOLVEx.ttf
./dist/assets/case-img-DKHVEVBO.png
./dist/assets/left-img-CO-dEC3f.png
./dist/assets/case-real2-C5GfelD1.png
./dist/assets/left-real2-DWg_UtWZ.png
./dist/assets/NEXON Lv2 Gothic-C6G711Id.ttf
./dist/assets/right-img-BvJXQQlp.png
./dist/assets/NEXON Lv2 Gothic Light-8Ii6jzsK.ttf
./dist/assets/index-Cmrd6o16.js
./dist/favicon-btn.png
./dist/img/
./dist/img/camera-img.png
./dist/img/parts-btn.png
./dist/img/part-btn.png
./dist/img/extra.png
./dist/img/menu-btn.png
./dist/img/extra-product-img.png
./dist/img/Color_Palette.jpeg
./dist/img/search-btn.png
./dist/img/notification-btn.png
./dist/img/platinum.png
./dist/img/add_pic_btn.png
./dist/img/extra-banner-img.png
./dist/img/regist-btn.png
./dist/img/x-btn.png
./dist/img/buy-btn.png
./dist/img/combine-btn.png
./dist/img/logo-btn.png
./dist/img/favicon-btn.png
./dist/img/sell-btn.png
./dist/index.html
./dist/vite.svg
./dist/assets/
./dist/assets/NEXON Lv2 Gothic Medium-D-E3fcVL.ttf
./dist/assets/NEXON Lv2 Gothic Bold-BF5Hpskt.ttf
./dist/assets/right-real2-DA08d8s6.png
./dist/assets/index-B03S2XjY.css
./dist/assets/chab-BxfOLVEx.ttf
./dist/assets/case-img-DKHVEVBO.png
./dist/assets/left-img-CO-dEC3f.png
./dist/assets/case-real2-C5GfelD1.png
./dist/assets/left-real2-DWg_UtWZ.png
./dist/assets/NEXON Lv2 Gothic-C6G711Id.ttf
./dist/assets/right-img-BvJXQQlp.png
./dist/assets/NEXON Lv2 Gothic Light-8Ii6jzsK.ttf
./dist/assets/index-Cmrd6o16.js
./dist/favicon-btn.png
./dist/img/
./dist/img/camera-img.png
./dist/img/parts-btn.png
./dist/img/part-btn.png
./dist/img/extra.png
./dist/img/menu-btn.png
./dist/img/extra-product-img.png
./dist/img/Color_Palette.jpeg
./dist/img/search-btn.png
./dist/img/notification-btn.png
./dist/img/platinum.png
./dist/img/add_pic_btn.png
./dist/img/extra-banner-img.png
./dist/img/regist-btn.png
./dist/img/x-btn.png
./dist/img/buy-btn.png
./dist/img/combine-btn.png
./dist/img/logo-btn.png
./dist/img/favicon-btn.png
./dist/img/sell-btn.png
./dist/index.html
./dist/vite.svg
./dist/assets/
./dist/assets/NEXON Lv2 Gothic Medium-D-E3fcVL.ttf
./dist/assets/NEXON Lv2 Gothic Bold-BF5Hpskt.ttf
./dist/assets/right-real2-DA08d8s6.png
./dist/assets/chab-BxfOLVEx.ttf
./dist/assets/index-B2HwJuxE.js
./dist/assets/case-real2-C5GfelD1.png
./dist/assets/case-img-BaVkRp_C.png
./dist/assets/right-img-LgIKAq7K.png
./dist/assets/left-img-uLTmJoQU.png
./dist/assets/left-real2-DWg_UtWZ.png
./dist/assets/NEXON Lv2 Gothic-C6G711Id.ttf
./dist/assets/NEXON Lv2 Gothic Light-8Ii6jzsK.ttf
./dist/assets/index-B5PvkyMv.css
./dist/favicon-btn.png
./dist/img/
./dist/img/camera-img.png
./dist/img/parts-btn.png
./dist/img/part-btn.png
./dist/img/extra.png
./dist/img/menu-btn.png
./dist/img/extra-product-img.png
./dist/img/Color_Palette.jpeg
./dist/img/search-btn.png
./dist/img/notification-btn.png
./dist/img/platinum.png
./dist/img/add_pic_btn.png
./dist/img/extra-banner-img.png
./dist/img/regist-btn.png
./dist/img/x-btn.png
./dist/img/buy-btn.png
./dist/img/combine-btn.png
./dist/img/logo-btn.png
./dist/img/favicon-btn.png
./dist/img/sell-btn.png
./dist/index.html
./dist/vite.svg
./dist/assets/
./dist/assets/NEXON Lv2 Gothic Medium-D-E3fcVL.ttf
./dist/assets/NEXON Lv2 Gothic Bold-BF5Hpskt.ttf
./dist/assets/right-real2-DA08d8s6.png
./dist/assets/chab-BxfOLVEx.ttf
./dist/assets/index-B2HwJuxE.js
./dist/assets/case-real2-C5GfelD1.png
./dist/assets/case-img-BaVkRp_C.png
./dist/assets/right-img-LgIKAq7K.png
./dist/assets/left-img-uLTmJoQU.png
./dist/assets/left-real2-DWg_UtWZ.png
./dist/assets/NEXON Lv2 Gothic-C6G711Id.ttf
./dist/assets/NEXON Lv2 Gothic Light-8Ii6jzsK.ttf
./dist/assets/index-B5PvkyMv.css
./dist/favicon-btn.png
./dist/img/
./dist/img/camera-img.png
./dist/img/parts-btn.png
./dist/img/part-btn.png
./dist/img/extra.png
./dist/img/menu-btn.png
./dist/img/extra-product-img.png
./dist/img/Color_Palette.jpeg
./dist/img/search-btn.png
./dist/img/notification-btn.png
./dist/img/platinum.png
./dist/img/add_pic_btn.png
./dist/img/extra-banner-img.png
./dist/img/regist-btn.png
./dist/img/x-btn.png
./dist/img/buy-btn.png
./dist/img/combine-btn.png
./dist/img/logo-btn.png
./dist/img/favicon-btn.png
./dist/img/sell-btn.png
./dist/index.html
./dist/vite.svg
